2023-12-19 21:12:453 INFO  HomePage :74 - Mouse hover on “Desktops” Tab and click [[ChromeDriver: chrome on windows (98ed43611f0c55f3b2245e5349854ac0)] -> link text: Desktops]
2023-12-19 21:12:241 INFO  HomePage :93 - Click on Show All Desktop tab [[ChromeDriver: chrome on windows (98ed43611f0c55f3b2245e5349854ac0)] -> xpath: //a[normalize-space()='Show AllDesktops']]
2023-12-19 21:12:468 INFO  DesktopPage :44 - Click on sort by position [[ChromeDriver: chrome on windows (98ed43611f0c55f3b2245e5349854ac0)] -> id: input-sort]
2023-12-19 21:12:504 INFO  DesktopPage :73 - Select option product sorted by Name (Z - A)from sort by options [[ChromeDriver: chrome on windows (98ed43611f0c55f3b2245e5349854ac0)] -> id: input-sort]
2023-12-19 21:12:676 INFO  HomePage :74 - Mouse hover on “Desktops” Tab and click [[ChromeDriver: chrome on windows (5eda267860f1fb95b5ab2429803abfe5)] -> link text: Desktops]
2023-12-19 21:12:429 INFO  HomePage :93 - Click on Show All Desktop tab [[ChromeDriver: chrome on windows (5eda267860f1fb95b5ab2429803abfe5)] -> xpath: //a[normalize-space()='Show AllDesktops']]
2023-12-19 21:12:529 INFO  HomePage :80 - Mouse hover on “Laptops & Notebooks” Tab and click [[ChromeDriver: chrome on windows (cac4bd099f9c00a7d92c05d842b1472a)] -> link text: Laptops & Notebooks]
2023-12-19 21:12:267 INFO  HomePage :99 - Click on Show All LaptopAndNotebook Tab [[ChromeDriver: chrome on windows (cac4bd099f9c00a7d92c05d842b1472a)] -> xpath: //a[normalize-space()='Show AllLaptops & Notebooks']]
2023-12-19 21:12:474 INFO  DesktopPage :44 - Click on sort by position [[ChromeDriver: chrome on windows (cac4bd099f9c00a7d92c05d842b1472a)] -> id: input-sort]
2023-12-19 21:12:309 INFO  DesktopPage :73 - Select option product sorted by Price (High > Low)from sort by options [[ChromeDriver: chrome on windows (cac4bd099f9c00a7d92c05d842b1472a)] -> id: input-sort]
2023-12-19 21:12:499 INFO  LaptopAndNotebookPage :63 - Verify Product sorted  price High to low [[[ChromeDriver: chrome on windows (cac4bd099f9c00a7d92c05d842b1472a)] -> xpath: //p[@class ='price']], [[ChromeDriver: chrome on windows (cac4bd099f9c00a7d92c05d842b1472a)] -> xpath: //p[@class ='price']], [[ChromeDriver: chrome on windows (cac4bd099f9c00a7d92c05d842b1472a)] -> xpath: //p[@class ='price']], [[ChromeDriver: chrome on windows (cac4bd099f9c00a7d92c05d842b1472a)] -> xpath: //p[@class ='price']], [[ChromeDriver: chrome on windows (cac4bd099f9c00a7d92c05d842b1472a)] -> xpath: //p[@class ='price']]]
2023-12-19 21:12:623 INFO  LaptopAndNotebookPage :63 - Verify Product sorted  price High to low [[[ChromeDriver: chrome on windows (cac4bd099f9c00a7d92c05d842b1472a)] -> xpath: //p[@class ='price']], [[ChromeDriver: chrome on windows (cac4bd099f9c00a7d92c05d842b1472a)] -> xpath: //p[@class ='price']], [[ChromeDriver: chrome on windows (cac4bd099f9c00a7d92c05d842b1472a)] -> xpath: //p[@class ='price']], [[ChromeDriver: chrome on windows (cac4bd099f9c00a7d92c05d842b1472a)] -> xpath: //p[@class ='price']], [[ChromeDriver: chrome on windows (cac4bd099f9c00a7d92c05d842b1472a)] -> xpath: //p[@class ='price']]]
2023-12-19 21:12:606 INFO  HomePage :80 - Mouse hover on “Laptops & Notebooks” Tab and click [[ChromeDriver: chrome on windows (6aed54bf2d6181524b6373a8c8e94630)] -> link text: Laptops & Notebooks]
2023-12-19 21:12:842 INFO  HomePage :99 - Click on Show All LaptopAndNotebook Tab [[ChromeDriver: chrome on windows (6aed54bf2d6181524b6373a8c8e94630)] -> xpath: //a[normalize-space()='Show AllLaptops & Notebooks']]
2023-12-19 21:12:653 INFO  HomePage :74 - Mouse hover on “Desktops” Tab and click [[ChromeDriver: chrome on windows (fd1f0a354c4e542b047b8b2ba9bd9224)] -> link text: Desktops]
2023-12-19 21:12:696 INFO  HomePage :68 - Click Show All Desktops from homepage Top menu  []
2023-12-19 21:12:726 INFO  DesktopPage :38 - Verify the text ‘Desktops’[[ChromeDriver: chrome on windows (fd1f0a354c4e542b047b8b2ba9bd9224)] -> xpath: //h2[contains(text(),'Desktops')]]
2023-12-19 21:12:184 INFO  HomePage :80 - Mouse hover on “Laptops & Notebooks” Tab and click [[ChromeDriver: chrome on windows (e3c3d304d29e2fa077e8dd59e5980d0e)] -> link text: Laptops & Notebooks]
2023-12-19 21:12:248 INFO  HomePage :68 - Click Show All Laptops & Notebooks from homepage Top menu  []
2023-12-19 21:12:275 INFO  LaptopAndNotebookPage :39 - Verify the text ‘Laptops & Notebooks’ [[ChromeDriver: chrome on windows (e3c3d304d29e2fa077e8dd59e5980d0e)] -> xpath: //h2[contains(text(),'Laptops & Notebooks')]]
2023-12-19 21:12:452 INFO  HomePage :86 -  Mouse hover on “Components” Tab and click [[ChromeDriver: chrome on windows (eeabede0dd46db7276fd677e8e353dd8)] -> link text: Components]
2023-12-19 21:12:487 INFO  HomePage :68 - Click Show All Components from homepage Top menu  []
2023-12-19 21:12:531 INFO  ComponentsPage :23 - Verify the text ‘Components’ [[ChromeDriver: chrome on windows (eeabede0dd46db7276fd677e8e353dd8)] -> xpath: //h2[contains(text(),'Components')]]
